<?xml version="1.0" encoding="UTF-8"?>
<!-- Generated by org.testng.reporters.JUnitReportReporter -->
<testsuite hostname="MJTNAFY" name="Test.NewTest" tests="1" failures="0" timestamp="24 Nov 2015 19:37:04 GMT" time="0.019" errors="0">
  <testcase name="f" time="0.019" classname="Test.NewTest"/>
</testsuite> <!-- Test.NewTest -->
