<?xml version="1.0" encoding="UTF-8"?>
<!-- Generated by org.testng.reporters.JUnitReportReporter -->
<testsuite hostname="MJ0375LF" name="Test.ShoppingBagGU" tests="1" failures="0" timestamp="7 Dec 2015 20:56:37 GMT" time="11.855" errors="0">
  <testcase name="ShoppingBagAsGuest" time="11.855" classname="Test.ShoppingBagGU"/>
</testsuite> <!-- Test.ShoppingBagGU -->
