<?xml version="1.0" encoding="UTF-8"?>
<!-- Generated by org.testng.reporters.JUnitReportReporter -->
<testsuite hostname="MJ0375LF" name="Test.ShoppingBagTestCases" tests="1" failures="0" timestamp="14 Dec 2015 15:35:30 GMT" time="44.104" errors="0">
  <testcase name="ShoppingBagGu" time="44.104" classname="Test.ShoppingBagTestCases"/>
</testsuite> <!-- Test.ShoppingBagTestCases -->
